1md2qa
2box4
2box6
aeroq2
bloodrun
broken3
catodm1
cog2dm1
colour
frdm3
fury
grdm3
growlis
jlib
jpal
karelia
kduel1
kduel2
kduel3
kduel4
kduel5
koldduel1
mag2dm2
match1
ohmdm4
omf
painklr2
paradm1
paradm2
pro-q2dm1
pro-q2dm1b
pro-q3dm6
pro_q2t4
ptrip
q2campgrnds
q2dm1-arenaquad
q2dm1pro
q2dmm
q2duel1
q2duel2
q2duel3
q2duel4
q2duel5
q2duel6
q2duel7
q2duel8
q2ht1
q2mk1
q2next1
q2next2
q2pduel1
q2pduel2
q2pduel3
q2pduel4
q2pduel6
q2pduel8
q2q1dm4
q2q3dm6
q2rdm1
q2rdm10
q2rdm11
q2rdm12
q2rdm13
q2rdm14
q2rdm15
q2rdm2
q2rdm3
q2rdm4
q2rdm5
q2rdm6
q2rdm7
q2rdm8
q2rdm9
q3dm7
rail
redyard
rene51
sith_dm2
spirit2dm1
spirit2dm2
spirit2dm2ld
spirit2dm3
spirit2dm4
spirit2dm5
spirit2dm6
spirit2dm7
spirit2dm9
tltf
tltf2
torment
unrdm1
vascular
wasted
ztn2dm1
ztn2dm2
ztn2dm3
ztn2dm4
ztn2dm5 

